<?xml version="1.0" encoding="UTF-8"?>
<!-- Generated by org.testng.reporters.JUnitReportReporter -->
<testsuite hostname="GENIUS" name="weeklyHomeWork03.EditLead" tests="1" failures="0" timestamp="15 Jul 2017 17:23:09 GMT" time="27.403" errors="0">
  <testcase name="editLead" time="27.403" classname="weeklyHomeWork03.EditLead"/>
</testsuite> <!-- weeklyHomeWork03.EditLead -->
