<?xml version="1.0" encoding="UTF-8"?>
<!-- Generated by org.testng.reporters.JUnitReportReporter -->
<testsuite hostname="GENIUS" name="week6Day1.ReverseString" tests="1" failures="0" timestamp="30 Jul 2017 10:21:12 GMT" time="4.728" errors="0">
  <testcase name="reverseString" time="4.728" classname="week6Day1.ReverseString"/>
</testsuite> <!-- week6Day1.ReverseString -->
