<?xml version="1.0" encoding="UTF-8"?>
<!-- Generated by org.testng.reporters.JUnitReportReporter -->
<testsuite hostname="GENIUS" name="weeklyHomeWork03.CreateLead" tests="2" failures="0" timestamp="22 Jul 2017 17:00:13 GMT" time="46.167" errors="0">
  <testcase name="createLead" time="24.735" classname="weeklyHomeWork03.CreateLead"/>
  <testcase name="createLead" time="21.432" classname="weeklyHomeWork03.CreateLead"/>
</testsuite> <!-- weeklyHomeWork03.CreateLead -->
