<?xml version="1.0" encoding="UTF-8"?>
<!-- Generated by org.testng.reporters.JUnitReportReporter -->
<testsuite hostname="GENIUS" name="week2Day1.AttributesOfTest" tests="4" failures="0" timestamp="15 Jul 2017 08:14:52 GMT" time="0.015" errors="0">
  <testcase name="mergeLead" time="0.000" classname="week2Day1.AttributesOfTest"/>
  <testcase name="creatLead" time="0.014" classname="week2Day1.AttributesOfTest"/>
  <testcase name="duplicate" time="0.001" classname="week2Day1.AttributesOfTest"/>
  <testcase name="editLead" time="0.000" classname="week2Day1.AttributesOfTest"/>
</testsuite> <!-- week2Day1.AttributesOfTest -->
