<?xml version="1.0" encoding="UTF-8"?>
<!-- Generated by org.testng.reporters.JUnitReportReporter -->
<testsuite hostname="GENIUS" name="weeklyHomeWork03.DuplicateLead" tests="1" failures="0" timestamp="15 Jul 2017 17:29:07 GMT" time="28.016" errors="0">
  <testcase name="duplicateLead" time="28.016" classname="weeklyHomeWork03.DuplicateLead"/>
</testsuite> <!-- weeklyHomeWork03.DuplicateLead -->
