<?xml version="1.0" encoding="UTF-8"?>
<!-- Generated by org.testng.reporters.JUnitReportReporter -->
<testsuite hostname="GENIUS" name="weeklyHomeWork03.DeleteLead" tests="1" failures="0" timestamp="15 Jul 2017 17:23:09 GMT" time="24.622" errors="0">
  <testcase name="deleteLead" time="24.622" classname="weeklyHomeWork03.DeleteLead"/>
</testsuite> <!-- weeklyHomeWork03.DeleteLead -->
