<?xml version="1.0" encoding="UTF-8"?>
<!-- Generated by org.testng.reporters.JUnitReportReporter -->
<testsuite hostname="GENIUS" name="week6Day1.RemoveSpace" tests="1" failures="0" timestamp="30 Jul 2017 08:23:29 GMT" time="11.482" errors="0">
  <testcase name="reverseString" time="11.482" classname="week6Day1.RemoveSpace"/>
</testsuite> <!-- week6Day1.RemoveSpace -->
