<?xml version="1.0" encoding="UTF-8"?>
<!-- Generated by org.testng.reporters.JUnitReportReporter -->
<testsuite hostname="GENIUS" name="project1.EditContact" tests="1" failures="0" timestamp="15 Jul 2017 06:12:05 GMT" time="45.302" errors="0">
  <testcase name="editContact" time="45.302" classname="project1.EditContact"/>
</testsuite> <!-- project1.EditContact -->
