<?xml version="1.0" encoding="UTF-8"?>
<!-- Generated by org.testng.reporters.JUnitReportReporter -->
<testsuite hostname="GENIUS" name="assienmentDay1.CreateLead" tests="2" failures="0" timestamp="15 Jul 2017 08:07:15 GMT" time="31.478" errors="0">
  <testcase name="createLeadone" time="14.664" classname="assienmentDay1.CreateLead"/>
  <testcase name="createLeadone" time="16.814" classname="assienmentDay1.CreateLead"/>
</testsuite> <!-- assienmentDay1.CreateLead -->
